<?xml version="1.0" encoding="UTF-8"?>
<!-- Generated by org.testng.reporters.JUnitXMLReporter -->
<testsuite hostname="IBM608-PC0488LB" ignored="0" name="Default test" tests="2" failures="0" timestamp="11 Jan 2019 11:57:57 GMT" time="44.882" errors="0">
  <testcase name="validLoginTest" time="3.314" classname="com.training.sanity.tests.DeleteReturnOrderTests"/>
  <testcase name="validDeleteReturnOrder" time="4.898" classname="com.training.sanity.tests.DeleteReturnOrderTests"/>
</testsuite> <!-- Default test -->
